
<dict>
	cocos2d.x.version: 2.2.1
	cocos2d.x.compiled_with_profiler: false
	cocos2d.x.compiled_with_gl_state_cache: true
	gl.vendor: NVIDIA Corporation
	gl.renderer: GeForce GTX 770/PCIe/SSE2
	gl.version: 4.4.0
	gl.max_texture_size: 16384
	gl.max_texture_units: 192
	gl.supports_PVRTC: false
	gl.supports_NPOT: true
	gl.supports_BGRA8888: false
	gl.supports_discard_framebuffer: false
	gl.supports_vertex_array_object: true
</dict>
CCLuaStack::loadChunksFromZIP
lua_loadChunksFromZIP() - load zip file: E:\Porjects\Flipull\quick-cocos2d-x\lib\framework_precompiled\framework_precompiled.zip
lua_loadChunksFromZIP() - loaded chunks count: 54
------------------------------------------------
LOAD LUA FILE: E:/Porjects/Flipull/Flipull/scripts/main.lua
------------------------------------------------
lua_loadChunksFromZIP() - load zip file: E:\Porjects\Flipull\Flipull\res/framework_precompiled.zip
lua_loadChunksFromZIP() - loaded chunks count: 54
[0.1104] [INFO] 
[0.1106] [INFO] # DEBUG                        = 2
[0.1109] [INFO] #
[0.1113] [INFO] # device.platform              = windows
[0.1115] [INFO] # device.model                 = unknown
[0.1118] [INFO] # device.language              = cn
[0.1121] [INFO] # device.writablePath          = E:\Porjects\Flipull\Flipull\
[0.1125] [INFO] # device.cachePath             = E:\Porjects\Flipull\Flipull\
[0.1128] [INFO] # device.directorySeparator    = \
[0.1130] [INFO] # device.pathSeparator         = ;
[0.1133] [INFO] #
[0.1159] [INFO] # CONFIG_SCREEN_AUTOSCALE      = FIXED_HEIGHT
[0.1161] [INFO] # CONFIG_SCREEN_WIDTH          = 640.00
[0.1165] [INFO] # CONFIG_SCREEN_HEIGHT         = 960.00
[0.1168] [INFO] # display.widthInPixels        = 640.00
[0.1171] [INFO] # display.heightInPixels       = 960.00
[0.1175] [INFO] # display.contentScaleFactor   = 1.00
[0.1178] [INFO] # display.width                = 640.00
[0.1181] [INFO] # display.height               = 960.00
[0.1184] [INFO] # display.cx                   = 320.00
[0.1187] [INFO] # display.cy                   = 480.00
[0.1190] [INFO] # display.left                 = 0.00
[0.1194] [INFO] # display.right                = 640.00
[0.1197] [INFO] # display.top                  = 960.00
[0.1200] [INFO] # display.bottom               = 0.00
[0.1203] [INFO] # display.c_left               = -320.00
[0.1206] [INFO] # display.c_right              = 320.00
[0.1209] [INFO] # display.c_top                = 480.00
[0.1213] [INFO] # display.c_bottom             = -480.00
[0.1215] [INFO] #
[0.1415] [INFO] Scene "UpdateScene:onEnter()"
old path------> E:\Porjects\Flipull\Flipull
path check OK------> E:\Porjects\Flipull\Flipull\
[0.1512] [INFO] TestTabLayer
[0.1591] [INFO] 
userdata: 0x061ffad8, userdata: 0x06202ed8, userdata: 0x061ffa58, userdata: 0x061ffb80, userdata: 0x06204e18, 
userdata: 0x061f7d70, userdata: 0x061f8000, userdata: 0x06205040, userdata: 0x061f7f80, userdata: 0x06204cb8, 
userdata: 0x061ff9f0, userdata: 0x06206668, userdata: 0x061ffa38, userdata: 0x06206508, userdata: 0x06204918, 
userdata: 0x06204c38, userdata: 0x06205e88, userdata: 0x06204bf0, userdata: 0x06205e08, userdata: 0x06207f88, 
userdata: 0x06208288, userdata: 0x06208350, userdata: 0x06205928, userdata: 0x06208330, userdata: 0x06205970, 

[0.1636] [INFO] Scene "GameScene:onEnter()"
[0.8023] [INFO] Scene "UpdateScene:onExit()"
[0.8026] [INFO] ----------------------------------------
[0.8030] [INFO] LUA VM MEMORY USED: 2016.45 KB
cocos2d: "cc_fps_images" rc=4 id=2 256 x 32 @ 16 bpp => 16 KB
cocos2d: "cc_2x2_white_image" rc=1 id=3 2 x 2 @ 32 bpp => 0 KB
cocos2d: "E:\Porjects\Flipull\Flipull\res/t.png" rc=11 id=5 110 x 110 @ 32 bpp => 47 KB
cocos2d: "E:\Porjects\Flipull\Flipull\res/s.png" rc=8 id=6 110 x 110 @ 32 bpp => 47 KB
cocos2d: "E:\Porjects\Flipull\Flipull\res/c.png" rc=5 id=7 110 x 110 @ 32 bpp => 47 KB
cocos2d: "E:\Porjects\Flipull\Flipull\res/x.png" rc=5 id=8 110 x 110 @ 32 bpp => 47 KB
cocos2d: "E:\Porjects\Flipull\Flipull\res/l.png" rc=2 id=9 110 x 110 @ 32 bpp => 47 KB
cocos2d: CCTextureCache dumpDebugInfo: 7 textures, for 252 KB (0.25 MB)
[0.8073] [INFO] ----------------------------------------
[1.5422] [INFO] 
2
2, 2, 2, 2, 0, 
3, 2, 4, 4, 3, 
3, 2, 3, 3, 5, 
3, 5, 4, 5, 2, 
2, 2, 3, 4, 5, 

[1.5433] [INFO] selected_type:Horizon
[2.5800] [INFO] 
3
0, 0, 0, 0, 0, 
2, 2, 4, 4, 3, 
3, 2, 3, 3, 5, 
3, 5, 4, 5, 2, 
2, 2, 3, 4, 5, 

[2.5811] [INFO] selected_type:Horizon
[4.4720] [INFO] 
4
0, 0, 0, 0, 0, 
2, 2, 4, 3, 0, 
3, 2, 3, 3, 5, 
3, 5, 4, 5, 2, 
2, 2, 3, 4, 5, 

[4.4729] [INFO] selected_type:Horizon
[5.0438] [INFO] 
3
0, 0, 0, 0, 0, 
2, 2, 0, 3, 0, 
3, 2, 4, 3, 5, 
3, 5, 4, 5, 2, 
2, 2, 3, 4, 5, 

[5.0447] [INFO] selected_type:Vertical
[6.3176] [INFO] 
5
0, 0, 0, 0, 0, 
2, 2, 0, 0, 0, 
3, 2, 4, 0, 5, 
3, 5, 4, 3, 2, 
2, 2, 3, 4, 5, 

[6.3188] [INFO] selected_type:Vertical
[7.8318] [INFO] 
4
0, 0, 0, 0, 0, 
2, 2, 0, 0, 0, 
3, 2, 4, 0, 0, 
3, 5, 4, 3, 5, 
2, 2, 3, 5, 2, 

[7.8328] [INFO] selected_type:Horizon
[8.8877] [INFO] 
3
0, 0, 0, 0, 0, 
2, 2, 0, 0, 0, 
3, 2, 0, 0, 0, 
3, 5, 0, 3, 5, 
2, 2, 4, 5, 2, 

[8.8887] [INFO] selected_type:Vertical
[10.0035] [INFO] 
5
0, 0, 0, 0, 0, 
2, 2, 0, 0, 0, 
3, 2, 0, 0, 0, 
3, 5, 0, 0, 5, 
2, 2, 4, 3, 2, 

[10.0044] [INFO] selected_type:Vertical
[10.1452] [INFO] LUA VM MEMORY USED: 2162.32 KB
[10.7298] [INFO] 
3
0, 0, 0, 0, 0, 
2, 0, 0, 0, 0, 
3, 2, 0, 0, 0, 
5, 2, 0, 0, 0, 
2, 2, 4, 3, 2, 

[10.7306] [INFO] selected_type:Horizon
[14.1653] [INFO] 
3
0, 0, 0, 0, 0, 
2, 0, 0, 0, 0, 
3, 2, 0, 0, 0, 
5, 2, 0, 0, 0, 
2, 2, 4, 3, 2, 

[14.1660] [INFO] selected_type:Horizon
[15.3975] [INFO] 
3
0, 0, 0, 0, 0, 
2, 0, 0, 0, 0, 
3, 2, 0, 0, 0, 
5, 2, 0, 0, 0, 
2, 2, 4, 0, 2, 

[15.3983] [INFO] selected_type:Vertical
[19.3209] [INFO] Scene "GameScene:onExit()"
[19.3212] [INFO] ----------------------------------------
[19.3216] [INFO] LUA VM MEMORY USED: 2221.10 KB
cocos2d: "cc_fps_images" rc=4 id=2 256 x 32 @ 16 bpp => 16 KB
cocos2d: "cc_2x2_white_image" rc=1 id=3 2 x 2 @ 32 bpp => 0 KB
cocos2d: "E:\Porjects\Flipull\Flipull\res/t.png" rc=7 id=5 110 x 110 @ 32 bpp => 47 KB
cocos2d: "E:\Porjects\Flipull\Flipull\res/s.png" rc=3 id=6 110 x 110 @ 32 bpp => 47 KB
cocos2d: "E:\Porjects\Flipull\Flipull\res/c.png" rc=2 id=7 110 x 110 @ 32 bpp => 47 KB
cocos2d: "E:\Porjects\Flipull\Flipull\res/x.png" rc=2 id=8 110 x 110 @ 32 bpp => 47 KB
cocos2d: "E:\Porjects\Flipull\Flipull\res/l.png" rc=1 id=9 110 x 110 @ 32 bpp => 47 KB
cocos2d: "E:\Porjects\Flipull\Flipull\res/b.png" rc=1 id=1 78 x 38 @ 32 bpp => 11 KB
cocos2d: CCTextureCache dumpDebugInfo: 8 textures, for 263 KB (0.26 MB)
[19.3260] [INFO] ----------------------------------------
